<?xml version="1.0" encoding="UTF-8"?>
<!-- Generated by org.testng.reporters.JUnitReportReporter -->
<testsuite skipped="0" hostname="PurushothA" name="test.DecyphaMarketStatus" tests="3" failures="0" timestamp="2020-03-05T11:02:17 IST" time="20.296" errors="0">
  <testcase name="valueCompare" time="20.287" classname="test.DecyphaMarketStatus"/>
  <testcase name="changeCompare" time="0.007" classname="test.DecyphaMarketStatus"/>
  <testcase name="percentageChangeCompare" time="0.002" classname="test.DecyphaMarketStatus"/>
</testsuite> <!-- test.DecyphaMarketStatus -->
