<?xml version="1.0" encoding="UTF-8"?>
<!-- Generated by org.testng.reporters.JUnitReportReporter -->
<testsuite skipped="0" hostname="PurushothA" name="test.ExtendReportsDemoWithTestNG" tests="1" failures="0" timestamp="2020-02-26T10:07:23 IST" time="1.535" errors="0">
  <testcase name="test1" time="1.535" classname="test.ExtendReportsDemoWithTestNG"/>
</testsuite> <!-- test.ExtendReportsDemoWithTestNG -->
