<?xml version="1.0" encoding="UTF-8"?>
<!-- Generated by org.testng.reporters.JUnitReportReporter -->
<testsuite skipped="0" hostname="PurushothA" name="test.TestNgDemo" tests="1" failures="0" timestamp="2020-02-17T10:37:57 IST" time="12.214" errors="0">
  <testcase name="googleSearch" time="12.214" classname="test.TestNgDemo"/>
</testsuite> <!-- test.TestNgDemo -->
