<?xml version="1.0" encoding="UTF-8"?>
<!-- Generated by org.testng.reporters.JUnitReportReporter -->
<testsuite skipped="0" hostname="PurushothA" name="test.StackClass" tests="1" failures="0" timestamp="2020-03-06T15:18:07 IST" time="0.070" errors="0">
  <testcase name="valueCompare" time="0.070" classname="test.StackClass"/>
</testsuite> <!-- test.StackClass -->
