<?xml version="1.0" encoding="UTF-8"?>
<!-- Generated by org.testng.reporters.JUnitReportReporter -->
<testsuite skipped="0" hostname="PurushothA" name="test.TestNgDemo2" tests="2" failures="0" timestamp="2020-03-02T10:06:50 IST" time="15.711" errors="0">
  <testcase name="googleSearch2" time="10.581" classname="test.TestNgDemo2"/>
  <testcase name="googleSearch3" time="5.130" classname="test.TestNgDemo2"/>
</testsuite> <!-- test.TestNgDemo2 -->
