<?xml version="1.0" encoding="UTF-8"?>
<!-- Generated by org.testng.reporters.JUnitReportReporter -->
<testsuite skipped="0" hostname="PurushothA" name="test.DecyphaAnnouncementValidation" tests="1" failures="0" timestamp="2020-03-12T17:30:26 IST" time="18.205" errors="0">
  <testcase name="AnnouncementValidate" time="18.205" classname="test.DecyphaAnnouncementValidation"/>
</testsuite> <!-- test.DecyphaAnnouncementValidation -->
